<?xml version="1.0" encoding="UTF-8"?>
<!-- Generated by org.testng.reporters.JUnitXMLReporter -->
<testsuite ignored="0" hostname="DESKTOP-P3KF5V5" failures="0" tests="4" name="Test" time="0.172" errors="0" timestamp="2022-05-21T11:40:44 IST">
  <testcase classname="practices.GroupExecution_1" name="createContact" time="0.028"/>
  <testcase classname="practices.GroupExecution_1" name="createInvoice" time="0.003"/>
  <testcase classname="practices.GroupExecution_1" name="createOrganization" time="0.008"/>
  <testcase classname="practices.GroupExecution_1" name="createVendor" time="0.004"/>
</testsuite> <!-- Test -->
